<?xml version="1.0" encoding="UTF-8"?>
<!-- Generated by org.testng.reporters.JUnitReportReporter -->
<testsuite hostname="LAPTOP-425OC920" failures="0" tests="3" name="com.assignment7.TestngFBLogin" time="34.456" errors="0" timestamp="2024-08-21T17:44:53 IST" skipped="0">
  <testcase classname="com.assignment7.TestngFBLogin" name="username" time="2.219"/>
  <system-out/>
  <testcase classname="com.assignment7.TestngFBLogin" name="password" time="2.136"/>
  <system-out/>
  <testcase classname="com.assignment7.TestngFBLogin" name="login" time="30.101"/>
  <system-out/>
</testsuite> <!-- com.assignment7.TestngFBLogin -->
